<?xml version="1.0" encoding="UTF-8"?>
<!-- Generated by org.testng.reporters.JUnitXMLReporter -->
<testsuite hostname="dell-PC" ignored="0" name="Test-chrome" tests="1" failures="0" timestamp="14 Aug 2017 10:54:38 GMT" time="0.14" errors="0">
  <testcase name="@BeforeTest browser" time="0.09" classname="offline_Testing_Pro.Offline_Web_App">
    <failure type="java.lang.IllegalStateException" message="The driver executable does not exist: D:\Paresh\Seleniam\SeleniamAutomation\Offline_Testing\Resorces\chromedriver.exe">
      <![CDATA[java.lang.IllegalStateException: The driver executable does not exist: D:\Paresh\Seleniam\SeleniamAutomation\Offline_Testing\Resorces\chromedriver.exe
	at com.google.common.base.Preconditions.checkState(Preconditions.java:518)
	at org.openqa.selenium.remote.service.DriverService.checkExecutable(DriverService.java:136)
	at org.openqa.selenium.remote.service.DriverService.findExecutable(DriverService.java:131)
	at org.openqa.selenium.chrome.ChromeDriverService.access$000(ChromeDriverService.java:32)
	at org.openqa.selenium.chrome.ChromeDriverService$Builder.findDefaultExecutable(ChromeDriverService.java:137)
	at org.openqa.selenium.remote.service.DriverService$Builder.build(DriverService.java:330)
	at org.openqa.selenium.chrome.ChromeDriverService.createDefaultService(ChromeDriverService.java:88)
	at org.openqa.selenium.chrome.ChromeDriver.<init>(ChromeDriver.java:124)
	at offline_Testing_Pro.Offline_Web_App.browser(Offline_Web_App.java:34)
	at java.util.concurrent.FutureTask.run(Unknown Source)
	at java.util.concurrent.ThreadPoolExecutor.runWorker(Unknown Source)
	at java.util.concurrent.ThreadPoolExecutor$Worker.run(Unknown Source)
	at java.lang.Thread.run(Unknown Source)
... Removed 14 stack frames]]>
    </failure>
  </testcase> <!-- @BeforeTest browser -->
  <testcase name="@AfterTest afterClass" time="0.0" classname="offline_Testing_Pro.Offline_Web_App">
    <skipped/>
  </testcase> <!-- @AfterTest afterClass -->
  <testcase name="f" time="0.0" classname="offline_Testing_Pro.Offline_Web_App">
    <skipped/>
  </testcase> <!-- f -->
</testsuite> <!-- Test-chrome -->
